<?xml version="1.0" encoding="UTF-8"?><testsuite failures="1" name="cucumber.runtime.formatter.JUnitFormatter" skipped="0" tests="1" time="5.705195">
<testcase classname="BIE Login Feature" name="Launch Browser and create an Umbrella policy" time="5.705195">
<failure message="The scenario has pending or undefined step(s)"><![CDATA[Given User launches Browser and opens BIE login Page........................passed
Then logs in entering "Neil899" and "test11"................................undefined
Then selects Create Quote...................................................skipped
Then selects Umbrella and inputs "05-01-2018"...............................skipped
Then enters Insured details along with "CA".................................skipped
Then enters Business information............................................skipped
Then inputs Underlying policy information...................................skipped
Then submits the quote for pricing..........................................skipped
Then closes the Browser.....................................................skipped
]]></failure>
</testcase>
</testsuite>
